<?xml version="1.0" encoding="UTF-8"?>
<!-- Generated by org.testng.reporters.JUnitXMLReporter -->
<testsuite hostname="EN63124" ignored="0" name="Surefire test" tests="3" failures="0" timestamp="03 Aug 2017 13:43:37 GMT" time="0.078" errors="0">
  <testcase name="testDoubleAddition" time="0.016" classname="com.endava.test.AddIT"/>
  <testcase name="testIntegerAddition" time="0.0" classname="com.endava.test.AddIT"/>
  <testcase name="testLongAddition" time="0.0" classname="com.endava.test.AddIT"/>
</testsuite> <!-- Surefire test -->
