<?xml version="1.0" encoding="UTF-8"?>
<testng-results skipped="0" failed="0" ignored="0" total="1" passed="1">
  <reporter-output>
  </reporter-output>
  <suite name="com.endava.test.FactorialTest" duration-ms="109" started-at="2017-08-03T13:43:33Z" finished-at="2017-08-03T13:43:33Z">
    <groups>
    </groups>
    <test name="Command line test" duration-ms="109" started-at="2017-08-03T13:43:33Z" finished-at="2017-08-03T13:43:33Z">
      <class name="com.endava.test.FactorialTest">
        <test-method status="PASS" signature="testFactorial()[pri:0, instance:com.endava.test.FactorialTest@5a99da]" name="testFactorial" duration-ms="47" started-at="2017-08-03T16:43:33Z" finished-at="2017-08-03T16:43:33Z">
          <reporter-output>
          </reporter-output>
        </test-method> <!-- testFactorial -->
      </class> <!-- com.endava.test.FactorialTest -->
    </test> <!-- Command line test -->
  </suite> <!-- com.endava.test.FactorialTest -->
</testng-results>
