<?xml version="1.0" encoding="UTF-8"?>
<testng-results skipped="0" failed="0" ignored="0" total="3" passed="3">
  <reporter-output>
  </reporter-output>
  <suite name="Surefire suite" duration-ms="78" started-at="2017-08-03T13:43:37Z" finished-at="2017-08-03T13:43:37Z">
    <groups>
    </groups>
    <test name="Surefire test" duration-ms="78" started-at="2017-08-03T13:43:37Z" finished-at="2017-08-03T13:43:37Z">
      <class name="com.endava.test.AddIT">
        <test-method status="PASS" signature="testBfAddition()[pri:0, instance:com.endava.test.AddIT@1ccaa]" name="testBfAddition" is-config="true" duration-ms="31" started-at="2017-08-03T16:43:37Z" finished-at="2017-08-03T16:43:37Z">
          <reporter-output>
          </reporter-output>
        </test-method> <!-- testBfAddition -->
        <test-method status="PASS" signature="testDoubleAddition()[pri:0, instance:com.endava.test.AddIT@1ccaa]" name="testDoubleAddition" duration-ms="16" started-at="2017-08-03T16:43:37Z" finished-at="2017-08-03T16:43:37Z">
          <reporter-output>
          </reporter-output>
        </test-method> <!-- testDoubleAddition -->
        <test-method status="PASS" signature="testLongAddition()[pri:0, instance:com.endava.test.AddIT@1ccaa]" name="testLongAddition" duration-ms="0" started-at="2017-08-03T16:43:37Z" finished-at="2017-08-03T16:43:37Z">
          <reporter-output>
          </reporter-output>
        </test-method> <!-- testLongAddition -->
        <test-method status="PASS" signature="testIntegerAddition()[pri:0, instance:com.endava.test.AddIT@1ccaa]" name="testIntegerAddition" duration-ms="0" started-at="2017-08-03T16:43:37Z" finished-at="2017-08-03T16:43:37Z">
          <reporter-output>
          </reporter-output>
        </test-method> <!-- testIntegerAddition -->
      </class> <!-- com.endava.test.AddIT -->
    </test> <!-- Surefire test -->
  </suite> <!-- Surefire suite -->
</testng-results>
